{"/Users/650ericy/HackReactor/shopify-fe/src/components/bridge.js": {"path":"/Users/650ericy/HackReactor/shopify-fe/src/components/bridge.js","statementMap":{"0":{"start":{"line":3,"column":15},"end":{"line":63,"column":1}},"1":{"start":{"line":4,"column":47},"end":{"line":9,"column":4}},"2":{"start":{"line":10,"column":38},"end":{"line":14,"column":4}},"3":{"start":{"line":15,"column":33},"end":{"line":19,"column":4}},"4":{"start":{"line":20,"column":35},"end":{"line":24,"column":4}},"5":{"start":{"line":25,"column":71},"end":{"line":30,"column":4}},"6":{"start":{"line":31,"column":31},"end":{"line":36,"column":4}},"7":{"start":{"line":44,"column":36},"end":{"line":49,"column":4}},"8":{"start":{"line":50,"column":54},"end":{"line":55,"column":4}},"9":{"start":{"line":56,"column":54},"end":{"line":61,"column":4}}},"fnMap":{"0":{"name":"(anonymous_0)","decl":{"start":{"line":4,"column":16},"end":{"line":4,"column":17}},"loc":{"start":{"line":4,"column":47},"end":{"line":9,"column":4}},"line":4},"1":{"name":"(anonymous_1)","decl":{"start":{"line":10,"column":22},"end":{"line":10,"column":23}},"loc":{"start":{"line":10,"column":38},"end":{"line":14,"column":4}},"line":10},"2":{"name":"(anonymous_2)","decl":{"start":{"line":15,"column":17},"end":{"line":15,"column":18}},"loc":{"start":{"line":15,"column":33},"end":{"line":19,"column":4}},"line":15},"3":{"name":"(anonymous_3)","decl":{"start":{"line":20,"column":19},"end":{"line":20,"column":20}},"loc":{"start":{"line":20,"column":35},"end":{"line":24,"column":4}},"line":20},"4":{"name":"(anonymous_4)","decl":{"start":{"line":25,"column":15},"end":{"line":25,"column":16}},"loc":{"start":{"line":25,"column":71},"end":{"line":30,"column":4}},"line":25},"5":{"name":"(anonymous_5)","decl":{"start":{"line":31,"column":15},"end":{"line":31,"column":16}},"loc":{"start":{"line":31,"column":31},"end":{"line":36,"column":4}},"line":31},"6":{"name":"(anonymous_6)","decl":{"start":{"line":44,"column":21},"end":{"line":44,"column":22}},"loc":{"start":{"line":44,"column":36},"end":{"line":49,"column":4}},"line":44},"7":{"name":"(anonymous_7)","decl":{"start":{"line":50,"column":13},"end":{"line":50,"column":14}},"loc":{"start":{"line":50,"column":54},"end":{"line":55,"column":4}},"line":50},"8":{"name":"(anonymous_8)","decl":{"start":{"line":56,"column":11},"end":{"line":56,"column":12}},"loc":{"start":{"line":56,"column":54},"end":{"line":61,"column":4}},"line":56}},"branchMap":{"0":{"loc":{"start":{"line":4,"column":17},"end":{"line":4,"column":28}},"type":"default-arg","locations":[{"start":{"line":4,"column":24},"end":{"line":4,"column":28}}],"line":4},"1":{"loc":{"start":{"line":4,"column":30},"end":{"line":4,"column":42}},"type":"default-arg","locations":[{"start":{"line":4,"column":38},"end":{"line":4,"column":42}}],"line":4},"2":{"loc":{"start":{"line":25,"column":28},"end":{"line":25,"column":39}},"type":"default-arg","locations":[{"start":{"line":25,"column":35},"end":{"line":25,"column":39}}],"line":25},"3":{"loc":{"start":{"line":25,"column":41},"end":{"line":25,"column":53}},"type":"default-arg","locations":[{"start":{"line":25,"column":49},"end":{"line":25,"column":53}}],"line":25},"4":{"loc":{"start":{"line":25,"column":55},"end":{"line":25,"column":66}},"type":"default-arg","locations":[{"start":{"line":25,"column":62},"end":{"line":25,"column":66}}],"line":25},"5":{"loc":{"start":{"line":50,"column":26},"end":{"line":50,"column":37}},"type":"default-arg","locations":[{"start":{"line":50,"column":33},"end":{"line":50,"column":37}}],"line":50},"6":{"loc":{"start":{"line":50,"column":39},"end":{"line":50,"column":49}},"type":"default-arg","locations":[{"start":{"line":50,"column":47},"end":{"line":50,"column":49}}],"line":50},"7":{"loc":{"start":{"line":56,"column":25},"end":{"line":56,"column":36}},"type":"default-arg","locations":[{"start":{"line":56,"column":32},"end":{"line":56,"column":36}}],"line":56},"8":{"loc":{"start":{"line":56,"column":38},"end":{"line":56,"column":49}},"type":"default-arg","locations":[{"start":{"line":56,"column":46},"end":{"line":56,"column":49}}],"line":56}},"s":{"0":1,"1":0,"2":1,"3":1,"4":0,"5":0,"6":1,"7":0,"8":0,"9":0},"f":{"0":0,"1":1,"2":1,"3":0,"4":0,"5":1,"6":0,"7":0,"8":0},"b":{"0":[0],"1":[0],"2":[0],"3":[0],"4":[0],"5":[0],"6":[0],"7":[0],"8":[0]},"_coverageSchema":"1a1c01bbd47fc00a2c39e90264f33305004495a9","hash":"52dae2feb3c06f576e5b76ebf3487a01b90c734a"}
,"/Users/650ericy/HackReactor/shopify-fe/src/components/productDetails/ProductInformation.jsx": {"path":"/Users/650ericy/HackReactor/shopify-fe/src/components/productDetails/ProductInformation.jsx","statementMap":{"0":{"start":{"line":5,"column":27},"end":{"line":18,"column":3}},"1":{"start":{"line":6,"column":26},"end":{"line":6,"column":52}},"2":{"start":{"line":7,"column":22},"end":{"line":7,"column":47}},"3":{"start":{"line":8,"column":24},"end":{"line":8,"column":41}},"4":{"start":{"line":9,"column":23},"end":{"line":9,"column":60}},"5":{"start":{"line":11,"column":4},"end":{"line":17,"column":6}},"6":{"start":{"line":20,"column":2},"end":{"line":22,"column":3}},"7":{"start":{"line":21,"column":4},"end":{"line":21,"column":38}},"8":{"start":{"line":24,"column":42},"end":{"line":24,"column":49}},"9":{"start":{"line":25,"column":67},"end":{"line":25,"column":72}},"10":{"start":{"line":26,"column":22},"end":{"line":26,"column":33}},"11":{"start":{"line":28,"column":23},"end":{"line":28,"column":94}},"12":{"start":{"line":28,"column":67},"end":{"line":28,"column":90}},"13":{"start":{"line":29,"column":24},"end":{"line":31,"column":7}},"14":{"start":{"line":30,"column":60},"end":{"line":30,"column":79}},"15":{"start":{"line":33,"column":2},"end":{"line":75,"column":4}},"16":{"start":{"line":78,"column":0},"end":{"line":91,"column":2}}},"fnMap":{"0":{"name":"ProductInformation","decl":{"start":{"line":4,"column":9},"end":{"line":4,"column":27}},"loc":{"start":{"line":4,"column":61},"end":{"line":76,"column":1}},"line":4},"1":{"name":"(anonymous_1)","decl":{"start":{"line":5,"column":27},"end":{"line":5,"column":28}},"loc":{"start":{"line":5,"column":39},"end":{"line":18,"column":3}},"line":5},"2":{"name":"(anonymous_2)","decl":{"start":{"line":28,"column":53},"end":{"line":28,"column":54}},"loc":{"start":{"line":28,"column":67},"end":{"line":28,"column":90}},"line":28},"3":{"name":"(anonymous_3)","decl":{"start":{"line":30,"column":37},"end":{"line":30,"column":38}},"loc":{"start":{"line":30,"column":60},"end":{"line":30,"column":79}},"line":30}},"branchMap":{"0":{"loc":{"start":{"line":9,"column":40},"end":{"line":9,"column":59}},"type":"cond-expr","locations":[{"start":{"line":9,"column":54},"end":{"line":9,"column":55}},{"start":{"line":9,"column":58},"end":{"line":9,"column":59}}],"line":9},"1":{"loc":{"start":{"line":14,"column":9},"end":{"line":14,"column":31}},"type":"cond-expr","locations":[{"start":{"line":14,"column":23},"end":{"line":14,"column":26}},{"start":{"line":14,"column":29},"end":{"line":14,"column":31}}],"line":14},"2":{"loc":{"start":{"line":20,"column":2},"end":{"line":22,"column":3}},"type":"if","locations":[{"start":{"line":20,"column":2},"end":{"line":22,"column":3}},{"start":{},"end":{}}],"line":20},"3":{"loc":{"start":{"line":20,"column":6},"end":{"line":20,"column":40}},"type":"binary-expr","locations":[{"start":{"line":20,"column":6},"end":{"line":20,"column":14}},{"start":{"line":20,"column":18},"end":{"line":20,"column":24}},{"start":{"line":20,"column":28},"end":{"line":20,"column":40}}],"line":20},"4":{"loc":{"start":{"line":29,"column":24},"end":{"line":31,"column":7}},"type":"cond-expr","locations":[{"start":{"line":30,"column":6},"end":{"line":30,"column":98}},{"start":{"line":31,"column":6},"end":{"line":31,"column":7}}],"line":29},"5":{"loc":{"start":{"line":35,"column":7},"end":{"line":44,"column":7}},"type":"binary-expr","locations":[{"start":{"line":35,"column":7},"end":{"line":35,"column":23}},{"start":{"line":36,"column":8},"end":{"line":43,"column":14}}],"line":35},"6":{"loc":{"start":{"line":50,"column":9},"end":{"line":66,"column":9}},"type":"cond-expr","locations":[{"start":{"line":51,"column":10},"end":{"line":60,"column":13}},{"start":{"line":62,"column":10},"end":{"line":65,"column":17}}],"line":50},"7":{"loc":{"start":{"line":69,"column":7},"end":{"line":69,"column":71}},"type":"binary-expr","locations":[{"start":{"line":69,"column":7},"end":{"line":69,"column":18}},{"start":{"line":69,"column":22},"end":{"line":69,"column":71}}],"line":69}},"s":{"0":3,"1":3,"2":3,"3":3,"4":3,"5":3,"6":3,"7":0,"8":3,"9":3,"10":3,"11":3,"12":15,"13":3,"14":15,"15":3,"16":1},"f":{"0":3,"1":3,"2":15,"3":15},"b":{"0":[3,0],"1":[3,0],"2":[0,3],"3":[3,3,3],"4":[3,0],"5":[3,3],"6":[3,0],"7":[3,3]},"_coverageSchema":"1a1c01bbd47fc00a2c39e90264f33305004495a9","hash":"2af81b7d2a217a5df2fd0f8c39928948391e0796"}
,"/Users/650ericy/HackReactor/shopify-fe/src/components/relatedItems/RelatedProductCard.jsx": {"path":"/Users/650ericy/HackReactor/shopify-fe/src/components/relatedItems/RelatedProductCard.jsx","statementMap":{"0":{"start":{"line":5,"column":40},"end":{"line":5,"column":52}},"1":{"start":{"line":6,"column":44},"end":{"line":6,"column":58}},"2":{"start":{"line":7,"column":42},"end":{"line":7,"column":54}},"3":{"start":{"line":8,"column":44},"end":{"line":8,"column":56}},"4":{"start":{"line":9,"column":52},"end":{"line":9,"column":63}},"5":{"start":{"line":10,"column":46},"end":{"line":10,"column":57}},"6":{"start":{"line":12,"column":24},"end":{"line":12,"column":102}},"7":{"start":{"line":15,"column":30},"end":{"line":25,"column":3}},"8":{"start":{"line":16,"column":4},"end":{"line":16,"column":24}},"9":{"start":{"line":17,"column":4},"end":{"line":24,"column":5}},"10":{"start":{"line":18,"column":20},"end":{"line":18,"column":50}},"11":{"start":{"line":19,"column":6},"end":{"line":23,"column":7}},"12":{"start":{"line":20,"column":8},"end":{"line":20,"column":52}},"13":{"start":{"line":22,"column":8},"end":{"line":22,"column":32}},"14":{"start":{"line":27,"column":30},"end":{"line":37,"column":3}},"15":{"start":{"line":28,"column":4},"end":{"line":28,"column":24}},"16":{"start":{"line":29,"column":4},"end":{"line":36,"column":5}},"17":{"start":{"line":30,"column":20},"end":{"line":30,"column":50}},"18":{"start":{"line":31,"column":6},"end":{"line":35,"column":7}},"19":{"start":{"line":32,"column":8},"end":{"line":32,"column":52}},"20":{"start":{"line":34,"column":8},"end":{"line":34,"column":36}},"21":{"start":{"line":39,"column":37},"end":{"line":43,"column":3}},"22":{"start":{"line":40,"column":4},"end":{"line":42,"column":5}},"23":{"start":{"line":41,"column":6},"end":{"line":41,"column":30}},"24":{"start":{"line":45,"column":34},"end":{"line":49,"column":3}},"25":{"start":{"line":46,"column":4},"end":{"line":48,"column":5}},"26":{"start":{"line":47,"column":6},"end":{"line":47,"column":29}},"27":{"start":{"line":51,"column":34},"end":{"line":55,"column":3}},"28":{"start":{"line":52,"column":4},"end":{"line":54,"column":5}},"29":{"start":{"line":53,"column":6},"end":{"line":53,"column":29}},"30":{"start":{"line":57,"column":27},"end":{"line":59,"column":3}},"31":{"start":{"line":58,"column":4},"end":{"line":58,"column":40}},"32":{"start":{"line":62,"column":2},"end":{"line":80,"column":18}},"33":{"start":{"line":63,"column":4},"end":{"line":64,"column":55}},"34":{"start":{"line":64,"column":25},"end":{"line":64,"column":53}},"35":{"start":{"line":65,"column":4},"end":{"line":66,"column":65}},"36":{"start":{"line":66,"column":25},"end":{"line":66,"column":63}},"37":{"start":{"line":67,"column":4},"end":{"line":79,"column":53}},"38":{"start":{"line":69,"column":21},"end":{"line":69,"column":22}},"39":{"start":{"line":70,"column":21},"end":{"line":70,"column":54}},"40":{"start":{"line":71,"column":8},"end":{"line":73,"column":9}},"41":{"start":{"line":71,"column":21},"end":{"line":71,"column":22}},"42":{"start":{"line":72,"column":10},"end":{"line":72,"column":90}},"43":{"start":{"line":74,"column":29},"end":{"line":74,"column":96}},"44":{"start":{"line":74,"column":78},"end":{"line":74,"column":95}},"45":{"start":{"line":75,"column":29},"end":{"line":75,"column":83}},"46":{"start":{"line":75,"column":66},"end":{"line":75,"column":78}},"47":{"start":{"line":76,"column":8},"end":{"line":76,"column":31}},"48":{"start":{"line":77,"column":8},"end":{"line":77,"column":22}},"49":{"start":{"line":79,"column":25},"end":{"line":79,"column":51}},"50":{"start":{"line":83,"column":2},"end":{"line":87,"column":22}},"51":{"start":{"line":84,"column":26},"end":{"line":84,"column":94}},"52":{"start":{"line":84,"column":58},"end":{"line":84,"column":84}},"53":{"start":{"line":85,"column":4},"end":{"line":85,"column":112}},"54":{"start":{"line":85,"column":76},"end":{"line":85,"column":110}},"55":{"start":{"line":86,"column":4},"end":{"line":86,"column":37}},"56":{"start":{"line":89,"column":2},"end":{"line":98,"column":40}},"57":{"start":{"line":90,"column":4},"end":{"line":97,"column":5}},"58":{"start":{"line":91,"column":27},"end":{"line":91,"column":79}},"59":{"start":{"line":92,"column":6},"end":{"line":94,"column":7}},"60":{"start":{"line":93,"column":8},"end":{"line":93,"column":39}},"61":{"start":{"line":96,"column":6},"end":{"line":96,"column":38}},"62":{"start":{"line":100,"column":2},"end":{"line":131,"column":4}},"63":{"start":{"line":101,"column":84},"end":{"line":101,"column":107}},"64":{"start":{"line":101,"column":128},"end":{"line":101,"column":157}},"65":{"start":{"line":102,"column":44},"end":{"line":102,"column":66}},"66":{"start":{"line":103,"column":44},"end":{"line":103,"column":66}},"67":{"start":{"line":134,"column":0},"end":{"line":142,"column":2}}},"fnMap":{"0":{"name":"RelatedProductCard","decl":{"start":{"line":4,"column":9},"end":{"line":4,"column":27}},"loc":{"start":{"line":4,"column":65},"end":{"line":132,"column":1}},"line":4},"1":{"name":"(anonymous_1)","decl":{"start":{"line":15,"column":30},"end":{"line":15,"column":31}},"loc":{"start":{"line":15,"column":37},"end":{"line":25,"column":3}},"line":15},"2":{"name":"(anonymous_2)","decl":{"start":{"line":27,"column":30},"end":{"line":27,"column":31}},"loc":{"start":{"line":27,"column":37},"end":{"line":37,"column":3}},"line":27},"3":{"name":"(anonymous_3)","decl":{"start":{"line":39,"column":37},"end":{"line":39,"column":38}},"loc":{"start":{"line":39,"column":44},"end":{"line":43,"column":3}},"line":39},"4":{"name":"(anonymous_4)","decl":{"start":{"line":45,"column":34},"end":{"line":45,"column":35}},"loc":{"start":{"line":45,"column":41},"end":{"line":49,"column":3}},"line":45},"5":{"name":"(anonymous_5)","decl":{"start":{"line":51,"column":34},"end":{"line":51,"column":35}},"loc":{"start":{"line":51,"column":41},"end":{"line":55,"column":3}},"line":51},"6":{"name":"(anonymous_6)","decl":{"start":{"line":57,"column":27},"end":{"line":57,"column":28}},"loc":{"start":{"line":57,"column":34},"end":{"line":59,"column":3}},"line":57},"7":{"name":"(anonymous_7)","decl":{"start":{"line":62,"column":12},"end":{"line":62,"column":13}},"loc":{"start":{"line":62,"column":18},"end":{"line":80,"column":3}},"line":62},"8":{"name":"(anonymous_8)","decl":{"start":{"line":64,"column":12},"end":{"line":64,"column":13}},"loc":{"start":{"line":64,"column":25},"end":{"line":64,"column":53}},"line":64},"9":{"name":"(anonymous_9)","decl":{"start":{"line":66,"column":12},"end":{"line":66,"column":13}},"loc":{"start":{"line":66,"column":25},"end":{"line":66,"column":63}},"line":66},"10":{"name":"(anonymous_10)","decl":{"start":{"line":68,"column":12},"end":{"line":68,"column":13}},"loc":{"start":{"line":68,"column":25},"end":{"line":78,"column":7}},"line":68},"11":{"name":"(anonymous_11)","decl":{"start":{"line":74,"column":69},"end":{"line":74,"column":70}},"loc":{"start":{"line":74,"column":78},"end":{"line":74,"column":95}},"line":74},"12":{"name":"(anonymous_12)","decl":{"start":{"line":75,"column":49},"end":{"line":75,"column":50}},"loc":{"start":{"line":75,"column":66},"end":{"line":75,"column":78}},"line":75},"13":{"name":"(anonymous_13)","decl":{"start":{"line":79,"column":12},"end":{"line":79,"column":13}},"loc":{"start":{"line":79,"column":25},"end":{"line":79,"column":51}},"line":79},"14":{"name":"(anonymous_14)","decl":{"start":{"line":83,"column":12},"end":{"line":83,"column":13}},"loc":{"start":{"line":83,"column":18},"end":{"line":87,"column":3}},"line":83},"15":{"name":"(anonymous_15)","decl":{"start":{"line":84,"column":47},"end":{"line":84,"column":48}},"loc":{"start":{"line":84,"column":58},"end":{"line":84,"column":84}},"line":84},"16":{"name":"(anonymous_16)","decl":{"start":{"line":89,"column":12},"end":{"line":89,"column":13}},"loc":{"start":{"line":89,"column":18},"end":{"line":98,"column":3}},"line":89},"17":{"name":"(anonymous_17)","decl":{"start":{"line":101,"column":78},"end":{"line":101,"column":79}},"loc":{"start":{"line":101,"column":84},"end":{"line":101,"column":107}},"line":101},"18":{"name":"(anonymous_18)","decl":{"start":{"line":101,"column":121},"end":{"line":101,"column":122}},"loc":{"start":{"line":101,"column":128},"end":{"line":101,"column":157}},"line":101},"19":{"name":"(anonymous_19)","decl":{"start":{"line":102,"column":37},"end":{"line":102,"column":38}},"loc":{"start":{"line":102,"column":44},"end":{"line":102,"column":66}},"line":102},"20":{"name":"(anonymous_20)","decl":{"start":{"line":103,"column":37},"end":{"line":103,"column":38}},"loc":{"start":{"line":103,"column":44},"end":{"line":103,"column":66}},"line":103}},"branchMap":{"0":{"loc":{"start":{"line":17,"column":4},"end":{"line":24,"column":5}},"type":"if","locations":[{"start":{"line":17,"column":4},"end":{"line":24,"column":5}},{"start":{},"end":{}}],"line":17},"1":{"loc":{"start":{"line":19,"column":6},"end":{"line":23,"column":7}},"type":"if","locations":[{"start":{"line":19,"column":6},"end":{"line":23,"column":7}},{"start":{"line":21,"column":13},"end":{"line":23,"column":7}}],"line":19},"2":{"loc":{"start":{"line":29,"column":4},"end":{"line":36,"column":5}},"type":"if","locations":[{"start":{"line":29,"column":4},"end":{"line":36,"column":5}},{"start":{},"end":{}}],"line":29},"3":{"loc":{"start":{"line":31,"column":6},"end":{"line":35,"column":7}},"type":"if","locations":[{"start":{"line":31,"column":6},"end":{"line":35,"column":7}},{"start":{"line":33,"column":13},"end":{"line":35,"column":7}}],"line":31},"4":{"loc":{"start":{"line":40,"column":4},"end":{"line":42,"column":5}},"type":"if","locations":[{"start":{"line":40,"column":4},"end":{"line":42,"column":5}},{"start":{},"end":{}}],"line":40},"5":{"loc":{"start":{"line":46,"column":4},"end":{"line":48,"column":5}},"type":"if","locations":[{"start":{"line":46,"column":4},"end":{"line":48,"column":5}},{"start":{},"end":{}}],"line":46},"6":{"loc":{"start":{"line":52,"column":4},"end":{"line":54,"column":5}},"type":"if","locations":[{"start":{"line":52,"column":4},"end":{"line":54,"column":5}},{"start":{},"end":{}}],"line":52},"7":{"loc":{"start":{"line":84,"column":26},"end":{"line":84,"column":94}},"type":"binary-expr","locations":[{"start":{"line":84,"column":26},"end":{"line":84,"column":88}},{"start":{"line":84,"column":92},"end":{"line":84,"column":94}}],"line":84},"8":{"loc":{"start":{"line":85,"column":4},"end":{"line":85,"column":112}},"type":"if","locations":[{"start":{"line":85,"column":4},"end":{"line":85,"column":112}},{"start":{},"end":{}}],"line":85},"9":{"loc":{"start":{"line":85,"column":8},"end":{"line":85,"column":72}},"type":"binary-expr","locations":[{"start":{"line":85,"column":8},"end":{"line":85,"column":48}},{"start":{"line":85,"column":52},"end":{"line":85,"column":72}}],"line":85},"10":{"loc":{"start":{"line":90,"column":4},"end":{"line":97,"column":5}},"type":"if","locations":[{"start":{"line":90,"column":4},"end":{"line":97,"column":5}},{"start":{"line":95,"column":11},"end":{"line":97,"column":5}}],"line":90},"11":{"loc":{"start":{"line":92,"column":6},"end":{"line":94,"column":7}},"type":"if","locations":[{"start":{"line":92,"column":6},"end":{"line":94,"column":7}},{"start":{},"end":{}}],"line":92},"12":{"loc":{"start":{"line":112,"column":7},"end":{"line":124,"column":7}},"type":"cond-expr","locations":[{"start":{"line":113,"column":8},"end":{"line":117,"column":12}},{"start":{"line":119,"column":8},"end":{"line":123,"column":12}}],"line":112},"13":{"loc":{"start":{"line":112,"column":8},"end":{"line":112,"column":67}},"type":"binary-expr","locations":[{"start":{"line":112,"column":8},"end":{"line":112,"column":31}},{"start":{"line":112,"column":35},"end":{"line":112,"column":67}}],"line":112}},"s":{"0":3,"1":3,"2":3,"3":3,"4":3,"5":3,"6":3,"7":3,"8":0,"9":0,"10":0,"11":0,"12":0,"13":0,"14":3,"15":0,"16":0,"17":0,"18":0,"19":0,"20":0,"21":3,"22":0,"23":0,"24":3,"25":0,"26":0,"27":3,"28":0,"29":0,"30":3,"31":1,"32":3,"33":1,"34":0,"35":1,"36":0,"37":1,"38":0,"39":0,"40":0,"41":0,"42":0,"43":0,"44":0,"45":0,"46":0,"47":0,"48":0,"49":0,"50":3,"51":1,"52":1,"53":1,"54":1,"55":1,"56":3,"57":2,"58":0,"59":0,"60":0,"61":2,"62":3,"63":0,"64":0,"65":0,"66":0,"67":1},"f":{"0":3,"1":0,"2":0,"3":0,"4":0,"5":0,"6":1,"7":1,"8":0,"9":0,"10":0,"11":0,"12":0,"13":0,"14":1,"15":1,"16":2,"17":0,"18":0,"19":0,"20":0},"b":{"0":[0,0],"1":[0,0],"2":[0,0],"3":[0,0],"4":[0,0],"5":[0,0],"6":[0,0],"7":[1,1],"8":[1,0],"9":[1,1],"10":[0,2],"11":[0,0],"12":[0,3],"13":[3,0]},"_coverageSchema":"1a1c01bbd47fc00a2c39e90264f33305004495a9","hash":"f3398f105d83e76f32754c225e08dc2bf0d9bb3e"}
}
