TN:
SF:src/components/bridge.js
FN:4,(anonymous_0)
FN:10,(anonymous_1)
FN:15,(anonymous_2)
FN:20,(anonymous_3)
FN:25,(anonymous_4)
FN:31,(anonymous_5)
FN:44,(anonymous_6)
FN:50,(anonymous_7)
FN:56,(anonymous_8)
FNF:9
FNH:3
FNDA:0,(anonymous_0)
FNDA:1,(anonymous_1)
FNDA:1,(anonymous_2)
FNDA:0,(anonymous_3)
FNDA:0,(anonymous_4)
FNDA:1,(anonymous_5)
FNDA:0,(anonymous_6)
FNDA:0,(anonymous_7)
FNDA:0,(anonymous_8)
DA:3,1
DA:4,0
DA:10,1
DA:15,1
DA:20,0
DA:25,0
DA:31,1
DA:44,0
DA:50,0
DA:56,0
LF:10
LH:4
BRDA:4,0,0,0
BRDA:4,1,0,0
BRDA:25,2,0,0
BRDA:25,3,0,0
BRDA:25,4,0,0
BRDA:50,5,0,0
BRDA:50,6,0,0
BRDA:56,7,0,0
BRDA:56,8,0,0
BRF:9
BRH:0
end_of_record
TN:
SF:src/components/productDetails/ProductInformation.jsx
FN:4,ProductInformation
FN:5,(anonymous_1)
FN:28,(anonymous_2)
FN:30,(anonymous_3)
FNF:4
FNH:4
FNDA:3,ProductInformation
FNDA:3,(anonymous_1)
FNDA:15,(anonymous_2)
FNDA:15,(anonymous_3)
DA:5,3
DA:6,3
DA:7,3
DA:8,3
DA:9,3
DA:11,3
DA:20,3
DA:21,0
DA:24,3
DA:25,3
DA:26,3
DA:28,15
DA:29,3
DA:30,15
DA:33,3
DA:78,1
LF:16
LH:15
BRDA:9,0,0,3
BRDA:9,0,1,0
BRDA:14,1,0,3
BRDA:14,1,1,0
BRDA:20,2,0,0
BRDA:20,2,1,3
BRDA:20,3,0,3
BRDA:20,3,1,3
BRDA:20,3,2,3
BRDA:29,4,0,3
BRDA:29,4,1,0
BRDA:35,5,0,3
BRDA:35,5,1,3
BRDA:50,6,0,3
BRDA:50,6,1,0
BRDA:69,7,0,3
BRDA:69,7,1,3
BRF:17
BRH:12
end_of_record
TN:
SF:src/components/relatedItems/RelatedProductCard.jsx
FN:4,RelatedProductCard
FN:15,(anonymous_1)
FN:27,(anonymous_2)
FN:39,(anonymous_3)
FN:45,(anonymous_4)
FN:51,(anonymous_5)
FN:57,(anonymous_6)
FN:62,(anonymous_7)
FN:64,(anonymous_8)
FN:66,(anonymous_9)
FN:68,(anonymous_10)
FN:74,(anonymous_11)
FN:75,(anonymous_12)
FN:79,(anonymous_13)
FN:83,(anonymous_14)
FN:84,(anonymous_15)
FN:89,(anonymous_16)
FN:101,(anonymous_17)
FN:101,(anonymous_18)
FN:102,(anonymous_19)
FN:103,(anonymous_20)
FNF:21
FNH:6
FNDA:3,RelatedProductCard
FNDA:0,(anonymous_1)
FNDA:0,(anonymous_2)
FNDA:0,(anonymous_3)
FNDA:0,(anonymous_4)
FNDA:0,(anonymous_5)
FNDA:1,(anonymous_6)
FNDA:1,(anonymous_7)
FNDA:0,(anonymous_8)
FNDA:0,(anonymous_9)
FNDA:0,(anonymous_10)
FNDA:0,(anonymous_11)
FNDA:0,(anonymous_12)
FNDA:0,(anonymous_13)
FNDA:1,(anonymous_14)
FNDA:1,(anonymous_15)
FNDA:2,(anonymous_16)
FNDA:0,(anonymous_17)
FNDA:0,(anonymous_18)
FNDA:0,(anonymous_19)
FNDA:0,(anonymous_20)
DA:5,3
DA:6,3
DA:7,3
DA:8,3
DA:9,3
DA:10,3
DA:12,3
DA:15,3
DA:16,0
DA:17,0
DA:18,0
DA:19,0
DA:20,0
DA:22,0
DA:27,3
DA:28,0
DA:29,0
DA:30,0
DA:31,0
DA:32,0
DA:34,0
DA:39,3
DA:40,0
DA:41,0
DA:45,3
DA:46,0
DA:47,0
DA:51,3
DA:52,0
DA:53,0
DA:57,3
DA:58,1
DA:62,3
DA:63,1
DA:64,0
DA:65,1
DA:66,0
DA:67,1
DA:69,0
DA:70,0
DA:71,0
DA:72,0
DA:74,0
DA:75,0
DA:76,0
DA:77,0
DA:79,0
DA:83,3
DA:84,1
DA:85,1
DA:86,1
DA:89,3
DA:90,2
DA:91,0
DA:92,0
DA:93,0
DA:96,2
DA:100,3
DA:101,0
DA:102,0
DA:103,0
DA:134,1
LF:62
LH:27
BRDA:17,0,0,0
BRDA:17,0,1,0
BRDA:19,1,0,0
BRDA:19,1,1,0
BRDA:29,2,0,0
BRDA:29,2,1,0
BRDA:31,3,0,0
BRDA:31,3,1,0
BRDA:40,4,0,0
BRDA:40,4,1,0
BRDA:46,5,0,0
BRDA:46,5,1,0
BRDA:52,6,0,0
BRDA:52,6,1,0
BRDA:84,7,0,1
BRDA:84,7,1,1
BRDA:85,8,0,1
BRDA:85,8,1,0
BRDA:85,9,0,1
BRDA:85,9,1,1
BRDA:90,10,0,0
BRDA:90,10,1,2
BRDA:92,11,0,0
BRDA:92,11,1,0
BRDA:112,12,0,0
BRDA:112,12,1,3
BRDA:112,13,0,3
BRDA:112,13,1,0
BRF:28
BRH:8
end_of_record
